<?xml version="1.0" encoding="UTF-8"?>
<!-- Generated by org.testng.reporters.JUnitReportReporter -->
<testsuite hostname="DESKTOP-7P6PTT4" failures="0" tests="2" name="com.Mystore.TestCases.IndexPageTest" time="71.181" errors="0" timestamp="2024-03-05T18:54:42 IST" skipped="0">
  <testcase classname="com.Mystore.TestCases.IndexPageTest" name="verifyTitle" time="35.569"/>
  <system-out/>
  <testcase classname="com.Mystore.TestCases.IndexPageTest" name="verifyLogo" time="35.612"/>
  <system-out/>
</testsuite> <!-- com.Mystore.TestCases.IndexPageTest -->
