<?xml version="1.0" encoding="UTF-8"?>
<!-- Generated by org.testng.reporters.JUnitReportReporter -->
<testsuite hostname="DESKTOP-7P6PTT4" failures="0" tests="1" name="com.Mystore.TestCases.LoginPageTest" time="29.717" errors="0" timestamp="2024-03-05T18:54:42 IST" skipped="0">
  <testcase classname="com.Mystore.TestCases.LoginPageTest" name="LoginTest" time="29.717"/>
  <system-out/>
</testsuite> <!-- com.Mystore.TestCases.LoginPageTest -->
