<?xml version="1.0" encoding="UTF-8"?>
<!-- Generated by org.testng.reporters.JUnitReportReporter -->
<testsuite hostname="DESKTOP-7P6PTT4" failures="0" tests="1" name="com.Mystore.TestCases.SearchResultPageTest" time="28.849" errors="0" timestamp="2024-03-05T18:54:42 IST" skipped="0">
  <testcase classname="com.Mystore.TestCases.SearchResultPageTest" name="productAvailabilityTest" time="28.849"/>
  <system-out/>
</testsuite> <!-- com.Mystore.TestCases.SearchResultPageTest -->
